<?xml version="1.0" encoding="UTF-8"?>
<!-- Generated by org.testng.reporters.JUnitReportReporter -->
<testsuite skipped="0" hostname="ttuser10-Lenovo-S510" name="Portal.scripts.OnewayFlightTest" tests="1" failures="0" timestamp="24 Jul 2018 12:01:10 GMT" time="85.989" errors="0">
  <testcase name="OnewatTckt" time="85.989" classname="Portal.scripts.OnewayFlightTest"/>
</testsuite> <!-- Portal.scripts.OnewayFlightTest -->
