<?xml version="1.0" encoding="UTF-8"?>
<!-- Generated by org.testng.reporters.JUnitReportReporter -->
<testsuite skipped="0" hostname="ttuser10-Lenovo-S510" name="Portal.scripts.OnewayFlightTest" tests="1" failures="0" timestamp="26 Jun 2018 07:26:58 GMT" time="87.723" errors="0">
  <testcase name="OnewatTckt" time="87.723" classname="Portal.scripts.OnewayFlightTest"/>
</testsuite> <!-- Portal.scripts.OnewayFlightTest -->
