<?xml version="1.0" encoding="UTF-8"?>
<!-- Generated by org.testng.reporters.JUnitReportReporter -->
<testsuite skipped="0" hostname="ttuser10-Lenovo-S510" name="Portal.scripts.OnewayFlightTest" tests="1" failures="0" timestamp="20 Jun 2018 07:27:19 GMT" time="160.503" errors="0">
  <testcase name="OnewatTckt" time="160.503" classname="Portal.scripts.OnewayFlightTest"/>
</testsuite> <!-- Portal.scripts.OnewayFlightTest -->
