<?xml version="1.0" encoding="UTF-8"?>
<!-- Generated by org.testng.reporters.JUnitReportReporter -->
<testsuite skipped="0" hostname="ttuser10-Lenovo-S510" name="Portal.scripts.HotelTest" tests="1" failures="0" timestamp="20 Jun 2018 07:27:19 GMT" time="254.018" errors="0">
  <testcase name="HotelBook" time="254.018" classname="Portal.scripts.HotelTest"/>
</testsuite> <!-- Portal.scripts.HotelTest -->
