<?xml version="1.0" encoding="UTF-8"?>
<!-- Generated by org.testng.reporters.JUnitReportReporter -->
<testsuite skipped="0" hostname="ttuser10-Lenovo-S510" name="ScenarioBasedFlightScripts.AirIndiaExpress" tests="1" failures="0" timestamp="24 Sep 2018 06:12:39 GMT" time="95.277" errors="0">
  <testcase name="OnewayGDSConnectingFlight" time="95.277" classname="ScenarioBasedFlightScripts.AirIndiaExpress"/>
</testsuite> <!-- ScenarioBasedFlightScripts.AirIndiaExpress -->
