<?xml version="1.0" encoding="UTF-8"?>
<!-- Generated by org.testng.reporters.JUnitReportReporter -->
<testsuite skipped="0" hostname="ttuser10-Lenovo-S510" name="flightTestCase.MulticityTripTest" tests="1" failures="0" timestamp="18 Jul 2018 10:11:29 GMT" time="132.027" errors="0">
  <testcase name="MulticityTckt" time="132.027" classname="flightTestCase.MulticityTripTest"/>
</testsuite> <!-- flightTestCase.MulticityTripTest -->
