<?xml version="1.0" encoding="UTF-8"?>
<!-- Generated by org.testng.reporters.JUnitReportReporter -->
<testsuite hostname="ttuser10-Lenovo-S510" name="Portal.scripts.creditcard.InsuranceCreditCard" tests="1" failures="0" timestamp="10 Oct 2018 10:33:52 GMT" time="50.751" errors="0">
  <testcase name="bookInsurance" time="50.751" classname="Portal.scripts.creditcard.InsuranceCreditCard"/>
</testsuite> <!-- Portal.scripts.creditcard.InsuranceCreditCard -->
