<?xml version="1.0" encoding="UTF-8"?>
<!-- Generated by org.testng.reporters.JUnitReportReporter -->
<testsuite skipped="0" hostname="ttuser10-Lenovo-S510" name="ScenarioBasedFlightScripts.SpiceJetBook" tests="1" failures="0" timestamp="20 Jun 2018 09:09:35 GMT" time="149.227" errors="0">
  <testcase name="OnewayGDSConnectingFlight" time="149.227" classname="ScenarioBasedFlightScripts.SpiceJetBook"/>
</testsuite> <!-- ScenarioBasedFlightScripts.SpiceJetBook -->
