<?xml version="1.0" encoding="UTF-8"?>
<!-- Generated by org.testng.reporters.JUnitReportReporter -->
<testsuite skipped="0" hostname="ttuser10-Lenovo-S510" name="Portal.scripts.InsuranceTest" tests="1" failures="0" timestamp="20 Jun 2018 07:27:19 GMT" time="67.161" errors="0">
  <testcase name="bookInsurance" time="67.161" classname="Portal.scripts.InsuranceTest"/>
</testsuite> <!-- Portal.scripts.InsuranceTest -->
