<?xml version="1.0" encoding="UTF-8"?>
<!-- Generated by org.testng.reporters.JUnitReportReporter -->
<testsuite skipped="0" hostname="ttuser10-Lenovo-S510" name="ScenarioBasedFlightScripts.AirIndiaExpressSSR" tests="1" failures="0" timestamp="25 Sep 2018 09:00:24 GMT" time="289.910" errors="0">
  <testcase name="OnewayGDSConnectingFlight" time="289.910" classname="ScenarioBasedFlightScripts.AirIndiaExpressSSR"/>
</testsuite> <!-- ScenarioBasedFlightScripts.AirIndiaExpressSSR -->
