<?xml version="1.0" encoding="UTF-8"?>
<!-- Generated by org.testng.reporters.JUnitReportReporter -->
<testsuite skipped="0" hostname="ttuser10-Lenovo-S510" name="Portal.scripts.MulticityTripTest" tests="1" failures="0" timestamp="03 Aug 2018 10:24:21 GMT" time="145.320" errors="0">
  <testcase name="MulticityTckt" time="145.320" classname="Portal.scripts.MulticityTripTest"/>
</testsuite> <!-- Portal.scripts.MulticityTripTest -->
