<?xml version="1.0" encoding="UTF-8"?>
<!-- Generated by org.testng.reporters.JUnitReportReporter -->
<testsuite skipped="0" hostname="ttuser10-Lenovo-S510" name="ScenarioBasedRoundTrip.AirIndiaExpSSRRoundtrip" tests="1" failures="0" timestamp="26 Sep 2018 05:57:17 GMT" time="320.796" errors="0">
  <testcase name="RoundConnectingFlight" time="320.796" classname="ScenarioBasedRoundTrip.AirIndiaExpSSRRoundtrip"/>
</testsuite> <!-- ScenarioBasedRoundTrip.AirIndiaExpSSRRoundtrip -->
