<?xml version="1.0" encoding="UTF-8"?>
<!-- Generated by org.testng.reporters.JUnitReportReporter -->
<testsuite skipped="0" hostname="ttuser10-Lenovo-S510" name="Portal.scripts.RoundTripTest" tests="1" failures="0" timestamp="05 Sep 2018 12:56:50 GMT" time="167.951" errors="0">
  <testcase name="RoundtripTckt" time="167.951" classname="Portal.scripts.RoundTripTest"/>
</testsuite> <!-- Portal.scripts.RoundTripTest -->
