<?xml version="1.0" encoding="UTF-8"?>
<!-- Generated by org.testng.reporters.JUnitReportReporter -->
<testsuite skipped="0" hostname="ttuser10-Lenovo-S510" name="ScenarioBasedFlightScripts.FlyDubaiBaggageBook" tests="1" failures="0" timestamp="22 Aug 2018 09:35:17 GMT" time="132.559" errors="0">
  <testcase name="OnewayGDSConnectingFlight" time="132.559" classname="ScenarioBasedFlightScripts.FlyDubaiBaggageBook"/>
</testsuite> <!-- ScenarioBasedFlightScripts.FlyDubaiBaggageBook -->
