<?xml version="1.0" encoding="UTF-8"?>
<!-- Generated by org.testng.reporters.JUnitReportReporter -->
<testsuite skipped="0" hostname="ttuser10-Lenovo-S510" name="Portal.scripts.InsuranceTest" tests="1" failures="0" timestamp="03 Oct 2018 05:36:02 GMT" time="69.524" errors="0">
  <testcase name="bookInsurance" time="69.524" classname="Portal.scripts.InsuranceTest"/>
</testsuite> <!-- Portal.scripts.InsuranceTest -->
