<?xml version="1.0" encoding="UTF-8"?>
<!-- Generated by org.testng.reporters.JUnitReportReporter -->
<testsuite skipped="0" hostname="ttuser10-Lenovo-S510" name="flightTestCase.OnewayBooknHold" tests="1" failures="0" timestamp="31 May 2018 12:29:59 GMT" time="105.466" errors="0">
  <testcase name="OnewatTckt" time="105.466" classname="flightTestCase.OnewayBooknHold"/>
</testsuite> <!-- flightTestCase.OnewayBooknHold -->
