<?xml version="1.0" encoding="UTF-8"?>
<!-- Generated by org.testng.reporters.JUnitReportReporter -->
<testsuite skipped="0" hostname="ttuser10-Lenovo-S510" name="ScenarioBasedRoundTrip.AirIndiaExpRoundtrip" tests="1" failures="0" timestamp="26 Sep 2018 05:03:57 GMT" time="117.721" errors="0">
  <testcase name="RoundConnectingFlight" time="117.721" classname="ScenarioBasedRoundTrip.AirIndiaExpRoundtrip"/>
</testsuite> <!-- ScenarioBasedRoundTrip.AirIndiaExpRoundtrip -->
