<?xml version="1.0" encoding="UTF-8"?>
<!-- Generated by org.testng.reporters.JUnitReportReporter -->
<testsuite skipped="0" hostname="ttuser10-Lenovo-S510" name="FLightSaveQuoteTestCases.MulticityDetailsPageSaveQuote" tests="1" failures="0" timestamp="07 Aug 2018 09:53:51 GMT" time="86.039" errors="0">
  <testcase name="MulticityTckt" time="86.039" classname="FLightSaveQuoteTestCases.MulticityDetailsPageSaveQuote"/>
</testsuite> <!-- FLightSaveQuoteTestCases.MulticityDetailsPageSaveQuote -->
