<?xml version="1.0" encoding="UTF-8"?>
<!-- Generated by org.testng.reporters.JUnitReportReporter -->
<testsuite skipped="0" hostname="ttuser10-Lenovo-S510" name="ScenarioBasedFlightScripts.AirIndiaExpress" tests="1" failures="0" timestamp="25 Sep 2018 10:51:17 GMT" time="113.568" errors="0">
  <testcase name="OnewayGDSConnectingFlight" time="113.568" classname="ScenarioBasedFlightScripts.AirIndiaExpress"/>
</testsuite> <!-- ScenarioBasedFlightScripts.AirIndiaExpress -->
