<?xml version="1.0" encoding="UTF-8"?>
<!-- Generated by org.testng.reporters.JUnitReportReporter -->
<testsuite skipped="0" hostname="ttuser10-Lenovo-S510" name="Portal.scripts.FlightPlusInsuranceTest" tests="1" failures="0" timestamp="03 Oct 2018 05:36:02 GMT" time="108.693" errors="0">
  <testcase name="RoundtripTckt" time="108.693" classname="Portal.scripts.FlightPlusInsuranceTest"/>
</testsuite> <!-- Portal.scripts.FlightPlusInsuranceTest -->
