<?xml version="1.0" encoding="UTF-8"?>
<!-- Generated by org.testng.reporters.JUnitReportReporter -->
<testsuite skipped="0" hostname="ttuser10-Lenovo-S510" name="Portal.scripts.oneway" tests="1" failures="0" timestamp="24 May 2018 12:43:59 GMT" time="196.099" errors="0">
  <testcase name="OnewatTckt" time="196.099" classname="Portal.scripts.oneway"/>
</testsuite> <!-- Portal.scripts.oneway -->
