<?xml version="1.0" encoding="UTF-8"?>
<!-- Generated by org.testng.reporters.JUnitReportReporter -->
<testsuite skipped="0" hostname="ttuser10-Lenovo-S510" name="Portal.scripts.FlightPlusInsuranceTest" tests="1" failures="0" timestamp="22 Aug 2018 04:32:21 GMT" time="135.012" errors="0">
  <testcase name="RoundtripTckt" time="135.012" classname="Portal.scripts.FlightPlusInsuranceTest"/>
</testsuite> <!-- Portal.scripts.FlightPlusInsuranceTest -->
