<?xml version="1.0" encoding="UTF-8"?>
<!-- Generated by org.testng.reporters.JUnitReportReporter -->
<testsuite skipped="0" hostname="ttuser10-Lenovo-S510" name="flightTestCase.BookHoldTicket" tests="1" failures="0" timestamp="18 Jul 2018 10:04:00 GMT" time="67.651" errors="0">
  <testcase name="HoldTicketbooking" time="67.651" classname="flightTestCase.BookHoldTicket"/>
</testsuite> <!-- flightTestCase.BookHoldTicket -->
