<?xml version="1.0" encoding="UTF-8"?>
<!-- Generated by org.testng.reporters.JUnitReportReporter -->
<testsuite skipped="0" hostname="ttuser10-Lenovo-S510" name="flightTestCase.OnewayBooknHold" tests="1" failures="0" timestamp="18 Jul 2018 10:04:00 GMT" time="68.078" errors="0">
  <testcase name="OnewatTckt" time="68.078" classname="flightTestCase.OnewayBooknHold"/>
</testsuite> <!-- flightTestCase.OnewayBooknHold -->
