<?xml version="1.0" encoding="UTF-8"?>
<!-- Generated by org.testng.reporters.JUnitReportReporter -->
<testsuite skipped="0" hostname="ttuser10-Lenovo-S510" name="flightTestCase.oneway" tests="1" failures="0" timestamp="30 Jul 2018 09:04:31 GMT" time="143.200" errors="0">
  <testcase name="OnewatTckt" time="143.200" classname="flightTestCase.oneway"/>
</testsuite> <!-- flightTestCase.oneway -->
